<?xml version="1.0" encoding="UTF-8"?>
<!-- Generated by org.testng.reporters.JUnitReportReporter -->
<testsuite skipped="0" hostname="DESKTOP-DCJAIFL" name="TC005_ExtractEachValuesInNodes" tests="1" failures="0" timestamp="26 Jan 2020 20:39:15 GMT" time="6.990" errors="0">
  <testcase name="googleMapTest" time="6.990" classname="TC005_ExtractEachValuesInNodes"/>
</testsuite> <!-- TC005_ExtractEachValuesInNodes -->
