<?xml version="1.0" encoding="UTF-8"?>
<!-- Generated by org.testng.reporters.JUnitReportReporter -->
<testsuite skipped="0" hostname="DESKTOP-DCJAIFL" name="TC001_Get_Request" tests="1" failures="0" timestamp="29 Jan 2020 20:16:15 GMT" time="1.628" errors="0">
  <testcase name="getwaetherDetails" time="1.628" classname="TC001_Get_Request"/>
</testsuite> <!-- TC001_Get_Request -->
