<?xml version="1.0" encoding="UTF-8"?>
<!-- Generated by org.testng.reporters.JUnitReportReporter -->
<testsuite skipped="0" hostname="DESKTOP-DCJAIFL" name="TC002_POST_Request" tests="1" failures="0" timestamp="26 Jan 2020 08:01:23 GMT" time="1.678" errors="0">
  <testcase name="RegistrationSucessful" time="1.678" classname="TC002_POST_Request"/>
</testsuite> <!-- TC002_POST_Request -->
