<?xml version="1.0" encoding="UTF-8"?>
<!-- Generated by org.testng.reporters.JUnitReportReporter -->
<testsuite skipped="0" hostname="DESKTOP-DCJAIFL" name="TC003_GET_Request" tests="1" failures="0" timestamp="26 Jan 2020 18:07:56 GMT" time="1.452" errors="0">
  <testcase name="googleMapTest" time="1.452" classname="TC003_GET_Request"/>
</testsuite> <!-- TC003_GET_Request -->
