<?xml version="1.0" encoding="UTF-8"?>
<!-- Generated by org.testng.reporters.JUnitReportReporter -->
<testsuite skipped="0" hostname="DESKTOP-DCJAIFL" name="TC004_GET_ValidatingJSONResponse" tests="1" failures="0" timestamp="26 Jan 2020 19:14:38 GMT" time="1.358" errors="0">
  <testcase name="GetWeatherDetails" time="1.358" classname="TC004_GET_ValidatingJSONResponse"/>
</testsuite> <!-- TC004_GET_ValidatingJSONResponse -->
